04.10.2024 01:03:23,135 INFO  loginPage:33 - Running Chrome Setup.....
04.10.2024 01:03:24,766 INFO  loginPage:31 - The Username is: Admin
04.10.2024 01:03:24,968 INFO  loginPage:36 - The Password is: admin123
04.10.2024 01:03:25,037 INFO  loginPage:41 - The Login Button is Click
04.10.2024 01:03:26,118 INFO  loginPage:43 - Valid Login Test Case is Passed
04.10.2024 01:03:26,380 INFO  loginPage:68 - Chrome is shutting down.... 
04.10.2024 01:03:31,969 INFO  loginPage:33 - Running Chrome Setup.....
04.10.2024 01:03:32,719 INFO  loginPage:31 - The Username is: null
04.10.2024 01:03:32,858 INFO  loginPage:36 - The Password is: 123123
04.10.2024 01:03:33,712 INFO  loginPage:41 - The Login Button is Click
04.10.2024 01:03:33,727 INFO  loginPage:53 - Invalid Login Test Case is Passed
04.10.2024 01:03:33,970 INFO  loginPage:68 - Chrome is shutting down.... 
04.10.2024 01:03:39,754 INFO  loginPage:33 - Running Chrome Setup.....
04.10.2024 01:03:40,514 INFO  loginPage:41 - The Login Button is Click
04.10.2024 01:03:40,528 INFO  loginPage:61 - Blank Login Test Case is Passed
04.10.2024 01:03:40,782 INFO  loginPage:68 - Chrome is shutting down.... 
04.10.2024 13:31:36,698 INFO  loginPage:33 - Running Chrome Setup.....
04.10.2024 13:31:38,619 INFO  loginPage:31 - The Username is: Admin
04.10.2024 13:31:38,908 INFO  loginPage:36 - The Password is: admin123
04.10.2024 13:31:40,078 INFO  loginPage:41 - The Login Button is Click
04.10.2024 13:31:40,106 INFO  loginPage:43 - Valid Login Test Case is Passed
04.10.2024 13:31:40,106 INFO  loginPage:44 - Greats
04.10.2024 13:31:40,432 INFO  loginPage:69 - Chrome is shutting down.... 
04.10.2024 13:31:46,902 INFO  loginPage:33 - Running Chrome Setup.....
04.10.2024 13:31:49,487 INFO  loginPage:31 - The Username is: null
04.10.2024 13:31:49,601 INFO  loginPage:36 - The Password is: 123123
04.10.2024 13:31:50,481 INFO  loginPage:41 - The Login Button is Click
04.10.2024 13:31:50,496 INFO  loginPage:54 - Invalid Login Test Case is Passed
04.10.2024 13:31:50,683 INFO  loginPage:69 - Chrome is shutting down.... 
04.10.2024 13:31:56,025 INFO  loginPage:33 - Running Chrome Setup.....
04.10.2024 13:31:56,776 INFO  loginPage:41 - The Login Button is Click
04.10.2024 13:31:56,792 INFO  loginPage:62 - Blank Login Test Case is Passed
04.10.2024 13:31:57,021 INFO  loginPage:69 - Chrome is shutting down.... 
07.10.2024 13:38:11,419 INFO  baseTest:33 - Running Chrome Setup.....
07.10.2024 13:38:12,807 INFO  loginPage:31 - The Username is: Admin
07.10.2024 13:38:13,005 INFO  loginPage:36 - The Password is: admin123
07.10.2024 13:38:14,154 INFO  loginPage:41 - The Login Button is Click
07.10.2024 13:38:14,189 INFO  baseTest:43 - Valid Login Test Case is Passed
07.10.2024 13:38:14,498 INFO  baseTest:68 - Chrome is shutting down.... 
07.10.2024 13:38:20,424 INFO  baseTest:33 - Running Chrome Setup.....
07.10.2024 13:38:21,160 INFO  loginPage:31 - The Username is: null
07.10.2024 13:38:21,268 INFO  loginPage:36 - The Password is: 123123
07.10.2024 13:38:21,476 INFO  loginPage:41 - The Login Button is Click
07.10.2024 13:38:22,347 INFO  baseTest:53 - Invalid Login Test Case is Passed
07.10.2024 13:38:22,527 INFO  baseTest:68 - Chrome is shutting down.... 
07.10.2024 13:38:27,882 INFO  baseTest:33 - Running Chrome Setup.....
07.10.2024 13:38:28,598 INFO  loginPage:41 - The Login Button is Click
07.10.2024 13:38:28,617 INFO  baseTest:61 - Blank Login Test Case is Passed
07.10.2024 13:38:28,849 INFO  baseTest:68 - Chrome is shutting down.... 
07.10.2024 14:30:42,033 INFO  baseTest:27 - Running Chrome Setup.....
07.10.2024 14:30:42,349 INFO  baseTest:35 - Chrome is shutting down.... 
07.10.2024 14:30:42,350 INFO  baseTest:36 - -----------------------------
07.10.2024 14:30:44,705 INFO  baseTest:27 - Running Chrome Setup.....
07.10.2024 14:30:44,927 INFO  baseTest:35 - Chrome is shutting down.... 
07.10.2024 14:30:44,927 INFO  baseTest:36 - -----------------------------
07.10.2024 14:30:48,154 INFO  baseTest:27 - Running Chrome Setup.....
07.10.2024 14:31:18,502 INFO  baseTest:35 - Chrome is shutting down.... 
07.10.2024 14:31:18,502 INFO  baseTest:36 - -----------------------------
07.10.2024 14:31:44,346 INFO  baseTest:27 - Running Chrome Setup.....
07.10.2024 14:31:44,577 INFO  baseTest:35 - Chrome is shutting down.... 
07.10.2024 14:31:44,578 INFO  baseTest:36 - -----------------------------
07.10.2024 14:31:49,979 INFO  baseTest:27 - Running Chrome Setup.....
07.10.2024 14:31:50,183 INFO  baseTest:35 - Chrome is shutting down.... 
07.10.2024 14:31:50,184 INFO  baseTest:36 - -----------------------------
07.10.2024 14:31:55,486 INFO  baseTest:27 - Running Chrome Setup.....
07.10.2024 14:31:57,289 INFO  LoginPage:41 - The Login Button is Click
07.10.2024 14:31:57,329 INFO  baseTest:39 - Blank Login Test Case is Passed
07.10.2024 14:31:57,601 INFO  baseTest:35 - Chrome is shutting down.... 
07.10.2024 14:31:57,602 INFO  baseTest:36 - -----------------------------
07.10.2024 14:48:42,089 INFO  baseTest:35 - Running Chrome Setup.....
07.10.2024 14:48:43,675 INFO  LoginPage:31 - The Username is: Admin
07.10.2024 14:48:43,949 INFO  LoginPage:36 - The Password is: admin123
07.10.2024 14:48:45,422 INFO  LoginPage:41 - The Login Button is Click
07.10.2024 14:48:45,448 INFO  baseTest:45 - Valid Login Test Case is Passed
07.10.2024 14:48:45,661 INFO  baseTest:70 - Chrome is shutting down.... 
07.10.2024 14:48:45,661 INFO  baseTest:71 - -----------------------------
07.10.2024 14:48:51,954 INFO  baseTest:35 - Running Chrome Setup.....
07.10.2024 14:48:54,559 INFO  LoginPage:31 - The Username is: null
07.10.2024 14:48:54,659 INFO  LoginPage:36 - The Password is: 123123
07.10.2024 14:48:54,751 INFO  LoginPage:41 - The Login Button is Click
07.10.2024 14:48:55,657 INFO  baseTest:55 - Invalid Login Test Case is Passed
07.10.2024 14:48:55,844 INFO  baseTest:70 - Chrome is shutting down.... 
07.10.2024 14:48:55,844 INFO  baseTest:71 - -----------------------------
07.10.2024 14:49:02,007 INFO  baseTest:35 - Running Chrome Setup.....
07.10.2024 14:49:03,162 INFO  LoginPage:41 - The Login Button is Click
07.10.2024 14:49:03,181 INFO  baseTest:63 - Blank Login Test Case is Passed
07.10.2024 14:49:03,406 INFO  baseTest:70 - Chrome is shutting down.... 
07.10.2024 14:49:03,406 INFO  baseTest:71 - -----------------------------
07.10.2024 14:50:08,013 INFO  baseTest:26 - Running Chrome Setup.....
07.10.2024 14:50:09,449 INFO  LoginPage:31 - The Username is: Admin
07.10.2024 14:50:09,668 INFO  LoginPage:36 - The Password is: admin123
07.10.2024 14:50:10,815 INFO  LoginPage:41 - The Login Button is Click
07.10.2024 14:50:10,837 INFO  baseTest:20 - Valid Login Test Case is Passed
07.10.2024 14:50:11,035 INFO  baseTest:33 - Chrome is shutting down.... 
07.10.2024 14:50:11,036 INFO  baseTest:34 - -----------------------------
07.10.2024 14:50:16,736 INFO  baseTest:26 - Running Chrome Setup.....
07.10.2024 14:50:17,505 INFO  LoginPage:31 - The Username is: null
07.10.2024 14:50:17,616 INFO  LoginPage:36 - The Password is: 123123
07.10.2024 14:50:18,478 INFO  LoginPage:41 - The Login Button is Click
07.10.2024 14:50:18,493 INFO  baseTest:30 - Invalid Login Test Case is Passed
07.10.2024 14:50:18,704 INFO  baseTest:33 - Chrome is shutting down.... 
07.10.2024 14:50:18,704 INFO  baseTest:34 - -----------------------------
07.10.2024 14:50:24,027 INFO  baseTest:26 - Running Chrome Setup.....
07.10.2024 14:50:24,741 INFO  LoginPage:41 - The Login Button is Click
07.10.2024 14:50:24,755 INFO  baseTest:38 - Blank Login Test Case is Passed
07.10.2024 14:50:24,972 INFO  baseTest:33 - Chrome is shutting down.... 
07.10.2024 14:50:24,972 INFO  baseTest:34 - -----------------------------
07.10.2024 14:50:52,534 INFO  baseTest:26 - Running Chrome Setup.....
07.10.2024 14:50:53,915 INFO  LoginPage:31 - The Username is: Admin
07.10.2024 14:50:54,076 INFO  LoginPage:36 - The Password is: admin123
07.10.2024 14:50:54,142 INFO  LoginPage:41 - The Login Button is Click
07.10.2024 14:50:55,261 INFO  baseTest:20 - Valid Login Test Case is Passed
07.10.2024 14:50:55,474 INFO  baseTest:33 - Chrome is shutting down.... 
07.10.2024 14:50:55,474 INFO  baseTest:34 - -----------------------------
07.10.2024 14:51:00,412 INFO  baseTest:26 - Running Chrome Setup.....
07.10.2024 14:51:01,133 INFO  LoginPage:31 - The Username is: null
07.10.2024 14:51:01,252 INFO  LoginPage:36 - The Password is: 123123
07.10.2024 14:51:02,177 INFO  LoginPage:41 - The Login Button is Click
07.10.2024 14:51:02,196 INFO  baseTest:30 - Invalid Login Test Case is Passed
07.10.2024 14:51:02,377 INFO  baseTest:33 - Chrome is shutting down.... 
07.10.2024 14:51:02,377 INFO  baseTest:34 - -----------------------------
07.10.2024 14:51:07,100 INFO  baseTest:26 - Running Chrome Setup.....
07.10.2024 14:51:09,723 INFO  LoginPage:41 - The Login Button is Click
07.10.2024 14:51:09,742 INFO  baseTest:38 - Blank Login Test Case is Passed
07.10.2024 14:51:10,017 INFO  baseTest:33 - Chrome is shutting down.... 
07.10.2024 14:51:10,017 INFO  baseTest:34 - -----------------------------
07.10.2024 22:09:50,382 INFO  BaseTest:23 - Running Chrome Setup.....
07.10.2024 22:09:53,774 INFO  BaseTest:30 - Chrome is shutting down.... 
07.10.2024 22:09:53,775 INFO  BaseTest:31 - -----------------------------
07.10.2024 22:09:55,847 INFO  BaseTest:23 - Running Chrome Setup.....
07.10.2024 22:09:57,471 INFO  BaseTest:30 - Chrome is shutting down.... 
07.10.2024 22:09:57,472 INFO  BaseTest:31 - -----------------------------
07.10.2024 22:09:59,252 INFO  BaseTest:23 - Running Chrome Setup.....
07.10.2024 22:09:59,561 INFO  BaseTest:30 - Chrome is shutting down.... 
07.10.2024 22:09:59,562 INFO  BaseTest:31 - -----------------------------
07.10.2024 22:10:01,577 INFO  BaseTest:23 - Running Chrome Setup.....
07.10.2024 22:10:02,352 INFO  BaseTest:30 - Chrome is shutting down.... 
07.10.2024 22:10:02,352 INFO  BaseTest:31 - -----------------------------
07.10.2024 22:11:40,911 INFO  BaseTest:27 - Running Chrome Setup.....
07.10.2024 22:11:43,333 INFO  LoginPage:31 - The Username is: Admin
07.10.2024 22:11:43,783 INFO  LoginPage:36 - The Password is: admin123
07.10.2024 22:11:44,955 INFO  LoginPage:41 - The Login Button is Click
07.10.2024 22:11:44,986 INFO  BaseTest:21 - Valid Login Test Case is Passed
07.10.2024 22:11:45,258 INFO  BaseTest:34 - Chrome is shutting down.... 
07.10.2024 22:11:45,259 INFO  BaseTest:35 - -----------------------------
07.10.2024 22:11:51,317 INFO  BaseTest:27 - Running Chrome Setup.....
07.10.2024 22:11:52,088 INFO  LoginPage:31 - The Username is: null
07.10.2024 22:11:52,230 INFO  LoginPage:36 - The Password is: 123123
07.10.2024 22:11:52,334 INFO  LoginPage:41 - The Login Button is Click
07.10.2024 22:11:53,118 INFO  BaseTest:31 - Invalid Login Test Case is Passed
07.10.2024 22:11:53,418 INFO  BaseTest:34 - Chrome is shutting down.... 
07.10.2024 22:11:53,418 INFO  BaseTest:35 - -----------------------------
07.10.2024 22:11:59,067 INFO  BaseTest:27 - Running Chrome Setup.....
07.10.2024 22:12:00,579 INFO  LoginPage:41 - The Login Button is Click
07.10.2024 22:12:00,617 INFO  BaseTest:39 - Blank Login Test Case is Passed
07.10.2024 22:12:01,093 INFO  BaseTest:34 - Chrome is shutting down.... 
07.10.2024 22:12:01,094 INFO  BaseTest:35 - -----------------------------
07.10.2024 22:12:51,550 INFO  BaseTest:27 - Running Chrome Setup.....
07.10.2024 22:12:53,085 INFO  LoginPage:31 - The Username is: Admin
07.10.2024 22:12:53,319 INFO  LoginPage:36 - The Password is: admin123
07.10.2024 22:12:54,514 INFO  LoginPage:41 - The Login Button is Click
07.10.2024 22:12:54,546 INFO  BaseTest:24 - Valid Login Test Case is Passed
07.10.2024 22:12:54,798 INFO  BaseTest:34 - Chrome is shutting down.... 
07.10.2024 22:12:54,799 INFO  BaseTest:35 - -----------------------------
07.10.2024 22:13:00,627 INFO  BaseTest:27 - Running Chrome Setup.....
07.10.2024 22:13:00,883 INFO  BaseTest:34 - Chrome is shutting down.... 
07.10.2024 22:13:00,883 INFO  BaseTest:35 - -----------------------------
07.10.2024 22:13:07,315 INFO  BaseTest:27 - Running Chrome Setup.....
07.10.2024 22:13:07,640 INFO  BaseTest:34 - Chrome is shutting down.... 
07.10.2024 22:13:07,641 INFO  BaseTest:35 - -----------------------------
07.10.2024 22:14:44,271 INFO  BaseTest:27 - Running Chrome Setup.....
07.10.2024 22:14:46,814 INFO  BaseTest:34 - Chrome is shutting down.... 
07.10.2024 22:14:46,816 INFO  BaseTest:35 - -----------------------------
07.10.2024 22:14:52,658 INFO  BaseTest:27 - Running Chrome Setup.....
07.10.2024 22:14:52,875 INFO  BaseTest:34 - Chrome is shutting down.... 
07.10.2024 22:14:52,875 INFO  BaseTest:35 - -----------------------------
07.10.2024 22:14:55,880 INFO  BaseTest:27 - Running Chrome Setup.....
07.10.2024 22:14:56,089 INFO  BaseTest:34 - Chrome is shutting down.... 
07.10.2024 22:14:56,090 INFO  BaseTest:35 - -----------------------------
07.10.2024 22:16:23,724 INFO  BaseTest:27 - Running Chrome Setup.....
07.10.2024 22:16:25,391 INFO  LoginPage:31 - The Username is: Admin
07.10.2024 22:16:25,572 INFO  LoginPage:36 - The Password is: admin123
07.10.2024 22:16:26,831 INFO  LoginPage:41 - The Login Button is Click
07.10.2024 22:16:26,857 INFO  BaseTest:20 - Valid Login Test Case is Passed
07.10.2024 22:16:27,174 INFO  BaseTest:34 - Chrome is shutting down.... 
07.10.2024 22:16:27,174 INFO  BaseTest:35 - -----------------------------
07.10.2024 22:16:32,825 INFO  BaseTest:27 - Running Chrome Setup.....
07.10.2024 22:16:33,585 INFO  LoginPage:31 - The Username is: null
07.10.2024 22:16:33,776 INFO  LoginPage:36 - The Password is: 123123
07.10.2024 22:16:34,817 INFO  LoginPage:41 - The Login Button is Click
07.10.2024 22:16:34,831 INFO  BaseTest:30 - Invalid Login Test Case is Passed
07.10.2024 22:16:35,073 INFO  BaseTest:34 - Chrome is shutting down.... 
07.10.2024 22:16:35,074 INFO  BaseTest:35 - -----------------------------
07.10.2024 22:16:40,647 INFO  BaseTest:27 - Running Chrome Setup.....
07.10.2024 22:16:41,526 INFO  LoginPage:41 - The Login Button is Click
07.10.2024 22:16:41,556 INFO  BaseTest:38 - Blank Login Test Case is Passed
07.10.2024 22:16:41,871 INFO  BaseTest:34 - Chrome is shutting down.... 
07.10.2024 22:16:41,871 INFO  BaseTest:35 - -----------------------------
07.10.2024 22:57:12,744 INFO  BaseTest:27 - Running Chrome Setup.....
07.10.2024 22:57:14,397 INFO  LoginPage:31 - The Username is: Admin
07.10.2024 22:57:14,617 INFO  LoginPage:36 - The Password is: admin123
07.10.2024 22:57:14,727 INFO  LoginPage:41 - The Login Button is Click
07.10.2024 22:57:15,824 INFO  BaseTest:20 - Valid Login Test Case is Passed
07.10.2024 22:57:16,137 INFO  BaseTest:34 - Chrome is shutting down.... 
07.10.2024 22:57:16,138 INFO  BaseTest:35 - -----------------------------
07.10.2024 22:57:22,440 INFO  BaseTest:27 - Running Chrome Setup.....
07.10.2024 22:57:24,313 INFO  LoginPage:31 - The Username is: null
07.10.2024 22:57:24,443 INFO  LoginPage:36 - The Password is: 123123
07.10.2024 22:57:25,268 INFO  LoginPage:41 - The Login Button is Click
07.10.2024 22:57:25,284 INFO  BaseTest:30 - Invalid Login Test Case is Passed
07.10.2024 22:57:25,515 INFO  BaseTest:34 - Chrome is shutting down.... 
07.10.2024 22:57:25,516 INFO  BaseTest:35 - -----------------------------
07.10.2024 22:57:31,306 INFO  BaseTest:27 - Running Chrome Setup.....
07.10.2024 22:57:32,049 INFO  LoginPage:41 - The Login Button is Click
07.10.2024 22:57:32,066 INFO  BaseTest:38 - Blank Login Test Case is Passed
07.10.2024 22:57:32,325 INFO  BaseTest:34 - Chrome is shutting down.... 
07.10.2024 22:57:32,325 INFO  BaseTest:35 - -----------------------------
07.10.2024 23:16:48,042 INFO  BaseTest:27 - Running Chrome Setup.....
07.10.2024 23:16:50,077 INFO  LoginPage:31 - The Username is: Admin
07.10.2024 23:16:50,325 INFO  LoginPage:36 - The Password is: admin123
07.10.2024 23:16:50,416 INFO  LoginPage:41 - The Login Button is Click
07.10.2024 23:16:51,515 INFO  BaseTest:20 - Valid Login Test Case is Passed
07.10.2024 23:16:51,956 INFO  BaseTest:34 - Chrome is shutting down.... 
07.10.2024 23:16:51,957 INFO  BaseTest:35 - -----------------------------
07.10.2024 23:16:58,630 INFO  BaseTest:27 - Running Chrome Setup.....
07.10.2024 23:16:59,493 INFO  LoginPage:31 - The Username is: null
07.10.2024 23:16:59,607 INFO  LoginPage:36 - The Password is: 123123
07.10.2024 23:17:00,599 INFO  LoginPage:41 - The Login Button is Click
07.10.2024 23:17:00,617 INFO  BaseTest:30 - Invalid Login Test Case is Passed
07.10.2024 23:17:00,793 INFO  BaseTest:34 - Chrome is shutting down.... 
07.10.2024 23:17:00,794 INFO  BaseTest:35 - -----------------------------
07.10.2024 23:17:06,965 INFO  BaseTest:27 - Running Chrome Setup.....
07.10.2024 23:17:07,734 INFO  LoginPage:41 - The Login Button is Click
07.10.2024 23:17:07,757 INFO  BaseTest:38 - Blank Login Test Case is Passed
07.10.2024 23:17:08,005 INFO  BaseTest:34 - Chrome is shutting down.... 
07.10.2024 23:17:08,006 INFO  BaseTest:35 - -----------------------------
08.10.2024 01:14:40,991 INFO  BaseTest:29 - Running Chrome Setup.....
08.10.2024 01:14:43,026 INFO  LoginPage:31 - The Username is: Admin
08.10.2024 01:14:43,285 INFO  LoginPage:36 - The Password is: admin123
08.10.2024 01:14:44,610 INFO  LoginPage:41 - The Login Button is Click
08.10.2024 01:14:44,640 INFO  BaseTest:20 - Valid Login Test Case is Passed
08.10.2024 01:15:45,023 INFO  BaseTest:36 - Chrome is shutting down.... 
08.10.2024 01:15:45,024 INFO  BaseTest:37 - -----------------------------
08.10.2024 01:26:24,508 INFO  Setup:23 - Running Chrome Setup.....
08.10.2024 01:26:25,283 INFO  LoginPage:31 - The Username is: null
08.10.2024 01:26:25,419 INFO  LoginPage:36 - The Password is: 123123
08.10.2024 01:26:26,233 INFO  LoginPage:41 - The Login Button is Click
08.10.2024 01:26:26,254 INFO  Setup:36 - Invalid Login Test Case is Passed
08.10.2024 01:26:26,645 INFO  LoginPage:41 - The Login Button is Click
08.10.2024 01:26:27,848 INFO  LoginPage:31 - The Username is: Admin
08.10.2024 01:26:28,015 INFO  LoginPage:36 - The Password is: admin123
08.10.2024 01:26:28,086 INFO  LoginPage:41 - The Login Button is Click
08.10.2024 01:26:29,377 INFO  Setup:30 - Chrome is shutting down.... 
08.10.2024 01:26:29,378 INFO  Setup:31 - -----------------------------
08.10.2024 01:29:02,209 INFO  Setup:23 - Running Chrome Setup.....
08.10.2024 01:29:03,181 INFO  LoginPage:31 - The Username is: null
08.10.2024 01:29:03,314 INFO  LoginPage:36 - The Password is: 123123
08.10.2024 01:29:04,169 INFO  LoginPage:41 - The Login Button is Click
08.10.2024 01:29:04,194 INFO  Setup:37 - Invalid Login Test Case is Passed
08.10.2024 01:29:04,580 INFO  LoginPage:41 - The Login Button is Click
08.10.2024 01:29:06,859 INFO  LoginPage:31 - The Username is: Admin
08.10.2024 01:29:07,078 INFO  LoginPage:36 - The Password is: admin123
08.10.2024 01:29:07,175 INFO  LoginPage:41 - The Login Button is Click
08.10.2024 01:29:08,514 INFO  Setup:30 - Chrome is shutting down.... 
08.10.2024 01:29:08,514 INFO  Setup:31 - -----------------------------
08.10.2024 01:29:26,228 INFO  Setup:23 - Running Chrome Setup.....
08.10.2024 01:29:27,198 INFO  LoginPage:41 - The Login Button is Click
08.10.2024 01:29:28,516 INFO  Setup:30 - Chrome is shutting down.... 
08.10.2024 01:29:28,517 INFO  Setup:31 - -----------------------------
08.10.2024 01:35:37,548 INFO  Setup:23 - Running Chrome Setup.....
08.10.2024 01:35:38,324 INFO  LoginPage:31 - The Username is: null
08.10.2024 01:35:38,478 INFO  LoginPage:36 - The Password is: 123123
08.10.2024 01:35:39,305 INFO  LoginPage:41 - The Login Button is Click
08.10.2024 01:35:39,333 INFO  Setup:37 - Invalid Login Test Case is Passed
08.10.2024 01:35:39,699 INFO  LoginPage:41 - The Login Button is Click
08.10.2024 01:35:39,717 INFO  Setup:45 - Blank Login Test Case is Passed
08.10.2024 01:35:40,993 INFO  LoginPage:31 - The Username is: Admin
08.10.2024 01:35:41,241 INFO  LoginPage:36 - The Password is: admin123
08.10.2024 01:35:41,347 INFO  LoginPage:41 - The Login Button is Click
08.10.2024 01:35:42,357 INFO  Setup:27 - Valid Login Test Case is Passed
08.10.2024 01:35:42,693 INFO  Setup:30 - Chrome is shutting down.... 
08.10.2024 01:35:42,694 INFO  Setup:31 - -----------------------------
08.10.2024 01:37:26,588 INFO  Setup:23 - Running Chrome Setup.....
08.10.2024 01:37:27,339 INFO  LoginPage:31 - The Username is: null
08.10.2024 01:37:27,465 INFO  LoginPage:36 - The Password is: 123123
08.10.2024 01:37:28,306 INFO  LoginPage:41 - The Login Button is Click
08.10.2024 01:37:28,331 INFO  Setup:37 - The Username is Empty
08.10.2024 01:37:28,332 INFO  Setup:38 - The Password is Empty
08.10.2024 01:37:28,333 INFO  Setup:39 - Invalid Login Test Case is Passed
08.10.2024 01:37:28,703 INFO  LoginPage:41 - The Login Button is Click
08.10.2024 01:37:28,723 INFO  Setup:47 - Blank Login Test Case is Passed
08.10.2024 01:37:29,845 INFO  LoginPage:31 - The Username is: Admin
08.10.2024 01:37:30,028 INFO  LoginPage:36 - The Password is: admin123
08.10.2024 01:37:30,093 INFO  LoginPage:41 - The Login Button is Click
08.10.2024 01:37:31,089 INFO  Setup:27 - Valid Login Test Case is Passed
08.10.2024 01:37:31,361 INFO  Setup:30 - Chrome is shutting down.... 
08.10.2024 01:37:31,361 INFO  Setup:31 - -----------------------------
08.10.2024 01:38:31,637 INFO  Setup:23 - Running Chrome Setup.....
08.10.2024 01:38:33,011 INFO  LoginPage:31 - The Username is: null
08.10.2024 01:38:33,143 INFO  LoginPage:36 - The Password is: 123123
08.10.2024 01:38:33,987 INFO  LoginPage:41 - The Login Button is Click
08.10.2024 01:38:34,006 INFO  Setup:37 - Invalid Login Test Case is Passed
08.10.2024 01:38:34,404 INFO  LoginPage:41 - The Login Button is Click
08.10.2024 01:38:34,423 INFO  Setup:45 - The Username is Empty
08.10.2024 01:38:34,424 INFO  Setup:46 - The Password is Empty
08.10.2024 01:38:34,425 INFO  Setup:47 - Blank Login Test Case is Passed
08.10.2024 01:38:35,605 INFO  LoginPage:31 - The Username is: Admin
08.10.2024 01:38:35,836 INFO  LoginPage:36 - The Password is: admin123
08.10.2024 01:38:35,958 INFO  LoginPage:41 - The Login Button is Click
08.10.2024 01:38:37,030 INFO  Setup:27 - Valid Login Test Case is Passed
08.10.2024 01:38:37,332 INFO  Setup:30 - Chrome is shutting down.... 
08.10.2024 01:38:37,333 INFO  Setup:31 - -----------------------------
08.10.2024 01:44:38,906 INFO  Setup:23 - Running Chrome Setup.....
08.10.2024 01:44:39,684 INFO  LoginPage:31 - The Username is: null
08.10.2024 01:44:39,816 INFO  LoginPage:36 - The Password is: 123123
08.10.2024 01:44:40,671 INFO  LoginPage:41 - The Login Button is Click
08.10.2024 01:44:40,692 INFO  Setup:37 - Invalid Login Test Case is Passed
08.10.2024 01:44:41,091 INFO  LoginPage:41 - The Login Button is Click
08.10.2024 01:44:41,113 INFO  Setup:45 - The Username is Empty
08.10.2024 01:44:41,115 INFO  Setup:46 - The Password is Empty
08.10.2024 01:44:41,116 INFO  Setup:47 - Blank Login Test Case is Passed
08.10.2024 01:44:42,149 INFO  LoginPage:31 - The Username is: Admin
08.10.2024 01:44:42,334 INFO  LoginPage:36 - The Password is: admin123
08.10.2024 01:44:42,413 INFO  LoginPage:41 - The Login Button is Click
08.10.2024 01:44:43,474 INFO  Setup:27 - Valid Login Test Case is Passed
08.10.2024 01:44:43,888 INFO  Setup:30 - Chrome is shutting down.... 
08.10.2024 01:44:43,889 INFO  Setup:31 - -----------------------------
08.10.2024 16:17:45,608 INFO  Setup:23 - Running Chrome Setup.....
08.10.2024 16:17:46,377 INFO  LoginPage:31 - The Username is: null
08.10.2024 16:17:46,551 INFO  LoginPage:36 - The Password is: 123123
08.10.2024 16:17:47,575 INFO  LoginPage:41 - The Login Button is Click
08.10.2024 16:17:47,605 INFO  Setup:37 - Invalid Login Test Case is Passed
08.10.2024 16:17:48,024 INFO  LoginPage:41 - The Login Button is Click
08.10.2024 16:17:48,050 INFO  Setup:45 - The Username is Empty
08.10.2024 16:17:48,050 INFO  Setup:46 - The Password is Empty
08.10.2024 16:17:48,051 INFO  Setup:47 - Blank Login Test Case is Passed
08.10.2024 16:17:49,191 INFO  LoginPage:31 - The Username is: Admin
08.10.2024 16:17:49,357 INFO  LoginPage:36 - The Password is: admin123
08.10.2024 16:17:49,435 INFO  LoginPage:41 - The Login Button is Click
08.10.2024 16:17:50,463 INFO  Setup:27 - Valid Login Test Case is Passed
08.10.2024 16:17:50,761 INFO  Setup:30 - Chrome is shutting down.... 
08.10.2024 16:17:50,762 INFO  Setup:31 - -----------------------------
08.10.2024 19:26:58,843 INFO  Setup:23 - Chrome is starting.....
08.10.2024 19:26:59,569 INFO  LoginPage:31 - The Username is: null
08.10.2024 19:26:59,683 INFO  LoginPage:36 - The Password is: 123123
08.10.2024 19:27:00,535 INFO  LoginPage:41 - The Login Button is Click
08.10.2024 19:27:00,559 INFO  Setup:36 - Invalid Login Test Case is Passed
08.10.2024 19:27:00,939 INFO  LoginPage:41 - The Login Button is Click
08.10.2024 19:27:00,956 INFO  Setup:44 - The Username is Empty
08.10.2024 19:27:00,956 INFO  Setup:45 - The Password is Empty
08.10.2024 19:27:00,957 INFO  Setup:46 - Blank Login Test Case is Passed
08.10.2024 19:27:01,085 INFO  LoginPage:31 - The Username is: Admin
08.10.2024 19:27:01,197 INFO  LoginPage:36 - The Password is: admin123
08.10.2024 19:27:01,263 INFO  LoginPage:41 - The Login Button is Click
08.10.2024 19:27:02,291 INFO  Setup:26 - Valid Login Test Case is Passed
08.10.2024 19:27:02,556 INFO  Setup:30 - Chrome is shutting down.... 
